-----BEGIN RSA PRIVATE KEY-----
MIIEowIBAAKCAQEAmlGjGSE+o2N+Sc1PIIMRTFU+FZUNtPqK6o/ewRERvtBqZoHr
gwNuEXuHRMe3yi0xUNsbNE6oOkVjo8qIGmGqi7ZKD+7Ay3h2ZHAHwZoGnBbZ+rIk
R2E6GJcQtls8EpXH8J2+du0VUIHxZ/YJLtfQPXoFcKUjsZiguR92jWzzQ91cz2ts
PwcGrIjl8IAzRUNpLv7odf0GArtERMNEP2vDLqmDbL11HIGdwLmAPMiePbK36LeW
znY843LyvrCpDyqKH8dJYsenBaWiGmLt6SxOCANagRBVTSquZMCnDhVbtsFwix34
HgQBlaUlNxNO9uEOveY5BRXL82Gq6iMgnY6uxQIDAQABAoIBAAz4N4DxLlaFEiQZ
wUC2Q0nrECC4OkKvm+VC2jHXwWoMEiUzXhvQuft2KlQ5hNTVH4PwJkUrJzBejJVD
fFTbSH4df/P+2O1A3pJqZ/x5eXy83u0W872cCknuyFTLLi1RsVAjsdJE8rmlciiO
oQ7yzGmeS76/4lQWw8tLPad9NKTLYHeHe8im6eMr+1C77G6mcpalzjKC55oCoMv/
jylVeQc0u6TGjV34Ze4hNjRzICqfJtsr+Y8glAomh1wOA3udYL1Vlwq/Z64O3cSJ
zK9/Z8KEA7UCmsL19E5l6ZpGrdiQClKbL85K4d+ualIX6AtwL5wUOAKQl6heV+yZ
B3ELSYECgYEA1TUHtw8V3CT9JLadHZkcee+1DAiSu5SwpduQNJSE9412gvu5luh5
z40M7KZrZyXc7H90CRAFhmY8i1r2LK3evYhE0FtV7azxgdkImtZUeiSBn/wfNuE6
pvIawTj4xrTzOBxe7BbhQb66Akg4GmGIy4C1OhfRx04dD0q9HuCypGkCgYEAuUrS
W2LBpATDaaDq1rb8rNNxDJBQuQEt/1Wphpv/yJ+hTPeDTbnN/d0UTK2KjIf4rV8X
1J4tozah+fQeJ+aN95jjgEOQ2CPJU/dhVQ7vSXs4j+XhU7SYf7dVBrriknCFZR0/
Nrf/mrlYW/vz1Q4tLOrXMkt+qbCzlVnSw1xuO/0CgYBAdaX9fHwZcL1wKh3aYv4v
B3/vQXBLciruGjHBE94XkhdwhnaX33VkgLqVmcMDDnl6rxX/324sMiC/6SJgY7ji
CJ71d4fFMfJaVam6Vm539y2RlwJA71tyOeRI4takDPUz07AHJOu5mtZV9kuv/ikD
jcg85hKwdTdn9iqzeS/JcQKBgC+GIkfwH2xbEGfCLxldG5eUL7WiOiIJTGvl47Iz
xroFP1DHVvUTh+Lp1jAIfrWmlkCZWDpfS6NF+utqEmX3e0ga/ZbDPZ5CJ3wSwfMX
/oWhRhOaSV23vzlao0MzobMfiwcxJip5rORZT3FgQNzPYwTXQtSSim0pdhYDUMxs
o5VdAoGBAL8HTITkDV9XO9CXKHokxC1V/DjcipaFP/XVAY4rU6C2YnNPdDh5fWyJ
LMMsxtIOhY2Z5BPotJZeUhZx39QP980KcIfkmzaLk+i7asLzEDbkQybZzvAmQN5e
Xn31/mdiY+/q++hEdqvz8MUt038VWXcL6JGVw8UGFe5H6FJTD8EO
-----END RSA PRIVATE KEY-----
